<?xml version="1.0" encoding="UTF-8"?>
<testsuite xmlns:xsi="http://www.w3.org/2001/XMLSchema-instance" xsi:noNamespaceSchemaLocation="https://maven.apache.org/surefire/maven-surefire-plugin/xsd/surefire-test-report.xsd" version="3.0.2" name="manutencaopc.ManutencaopcApplicationTests" time="8.684" tests="1" errors="0" skipped="0" failures="0">
  <properties>
    <property name="java.specification.version" value="17"/>
    <property name="sun.jnu.encoding" value="UTF-8"/>
    <property name="java.class.path" value="/workspaces/manutencaopc/manutencaopc/target/test-classes:/workspaces/manutencaopc/manutencaopc/target/classes:/home/codespace/.m2/repository/org/springframework/boot/spring-boot-starter-data-jpa/3.5.0-M3/spring-boot-starter-data-jpa-3.5.0-M3.jar:/home/codespace/.m2/repository/org/springframework/boot/spring-boot-starter/3.5.0-M3/spring-boot-starter-3.5.0-M3.jar:/home/codespace/.m2/repository/org/springframework/boot/spring-boot-starter-logging/3.5.0-M3/spring-boot-starter-logging-3.5.0-M3.jar:/home/codespace/.m2/repository/ch/qos/logback/logback-classic/1.5.18/logback-classic-1.5.18.jar:/home/codespace/.m2/repository/ch/qos/logback/logback-core/1.5.18/logback-core-1.5.18.jar:/home/codespace/.m2/repository/org/apache/logging/log4j/log4j-to-slf4j/2.24.3/log4j-to-slf4j-2.24.3.jar:/home/codespace/.m2/repository/org/apache/logging/log4j/log4j-api/2.24.3/log4j-api-2.24.3.jar:/home/codespace/.m2/repository/org/slf4j/jul-to-slf4j/2.0.17/jul-to-slf4j-2.0.17.jar:/home/codespace/.m2/repository/jakarta/annotation/jakarta.annotation-api/2.1.1/jakarta.annotation-api-2.1.1.jar:/home/codespace/.m2/repository/org/yaml/snakeyaml/2.4/snakeyaml-2.4.jar:/home/codespace/.m2/repository/org/springframework/boot/spring-boot-starter-jdbc/3.5.0-M3/spring-boot-starter-jdbc-3.5.0-M3.jar:/home/codespace/.m2/repository/com/zaxxer/HikariCP/6.2.1/HikariCP-6.2.1.jar:/home/codespace/.m2/repository/org/springframework/spring-jdbc/6.2.5/spring-jdbc-6.2.5.jar:/home/codespace/.m2/repository/org/hibernate/orm/hibernate-core/6.6.11.Final/hibernate-core-6.6.11.Final.jar:/home/codespace/.m2/repository/jakarta/transaction/jakarta.transaction-api/2.0.1/jakarta.transaction-api-2.0.1.jar:/home/codespace/.m2/repository/org/jboss/logging/jboss-logging/3.6.1.Final/jboss-logging-3.6.1.Final.jar:/home/codespace/.m2/repository/org/hibernate/common/hibernate-commons-annotations/7.0.3.Final/hibernate-commons-annotations-7.0.3.Final.jar:/home/codespace/.m2/repository/io/smallrye/jandex/3.2.0/jandex-3.2.0.jar:/home/codespace/.m2/repository/com/fasterxml/classmate/1.7.0/classmate-1.7.0.jar:/home/codespace/.m2/repository/net/bytebuddy/byte-buddy/1.17.2/byte-buddy-1.17.2.jar:/home/codespace/.m2/repository/org/glassfish/jaxb/jaxb-runtime/4.0.5/jaxb-runtime-4.0.5.jar:/home/codespace/.m2/repository/org/glassfish/jaxb/jaxb-core/4.0.5/jaxb-core-4.0.5.jar:/home/codespace/.m2/repository/org/eclipse/angus/angus-activation/2.0.2/angus-activation-2.0.2.jar:/home/codespace/.m2/repository/org/glassfish/jaxb/txw2/4.0.5/txw2-4.0.5.jar:/home/codespace/.m2/repository/com/sun/istack/istack-commons-runtime/4.1.2/istack-commons-runtime-4.1.2.jar:/home/codespace/.m2/repository/jakarta/inject/jakarta.inject-api/2.0.1/jakarta.inject-api-2.0.1.jar:/home/codespace/.m2/repository/org/antlr/antlr4-runtime/4.13.0/antlr4-runtime-4.13.0.jar:/home/codespace/.m2/repository/org/springframework/data/spring-data-jpa/3.5.0-M2/spring-data-jpa-3.5.0-M2.jar:/home/codespace/.m2/repository/org/springframework/data/spring-data-commons/3.5.0-M2/spring-data-commons-3.5.0-M2.jar:/home/codespace/.m2/repository/org/springframework/spring-orm/6.2.5/spring-orm-6.2.5.jar:/home/codespace/.m2/repository/org/springframework/spring-context/6.2.5/spring-context-6.2.5.jar:/home/codespace/.m2/repository/org/springframework/spring-aop/6.2.5/spring-aop-6.2.5.jar:/home/codespace/.m2/repository/org/springframework/spring-tx/6.2.5/spring-tx-6.2.5.jar:/home/codespace/.m2/repository/org/springframework/spring-beans/6.2.5/spring-beans-6.2.5.jar:/home/codespace/.m2/repository/org/slf4j/slf4j-api/2.0.17/slf4j-api-2.0.17.jar:/home/codespace/.m2/repository/org/springframework/spring-aspects/6.2.5/spring-aspects-6.2.5.jar:/home/codespace/.m2/repository/org/aspectj/aspectjweaver/1.9.23/aspectjweaver-1.9.23.jar:/home/codespace/.m2/repository/jakarta/persistence/jakarta.persistence-api/3.1.0/jakarta.persistence-api-3.1.0.jar:/home/codespace/.m2/repository/org/springframework/boot/spring-boot-starter-web/3.5.0-M3/spring-boot-starter-web-3.5.0-M3.jar:/home/codespace/.m2/repository/org/springframework/boot/spring-boot-starter-json/3.5.0-M3/spring-boot-starter-json-3.5.0-M3.jar:/home/codespace/.m2/repository/com/fasterxml/jackson/core/jackson-databind/2.18.3/jackson-databind-2.18.3.jar:/home/codespace/.m2/repository/com/fasterxml/jackson/core/jackson-annotations/2.18.3/jackson-annotations-2.18.3.jar:/home/codespace/.m2/repository/com/fasterxml/jackson/core/jackson-core/2.18.3/jackson-core-2.18.3.jar:/home/codespace/.m2/repository/com/fasterxml/jackson/datatype/jackson-datatype-jdk8/2.18.3/jackson-datatype-jdk8-2.18.3.jar:/home/codespace/.m2/repository/com/fasterxml/jackson/datatype/jackson-datatype-jsr310/2.18.3/jackson-datatype-jsr310-2.18.3.jar:/home/codespace/.m2/repository/com/fasterxml/jackson/module/jackson-module-parameter-names/2.18.3/jackson-module-parameter-names-2.18.3.jar:/home/codespace/.m2/repository/org/springframework/boot/spring-boot-starter-tomcat/3.5.0-M3/spring-boot-starter-tomcat-3.5.0-M3.jar:/home/codespace/.m2/repository/org/apache/tomcat/embed/tomcat-embed-core/10.1.39/tomcat-embed-core-10.1.39.jar:/home/codespace/.m2/repository/org/apache/tomcat/embed/tomcat-embed-el/10.1.39/tomcat-embed-el-10.1.39.jar:/home/codespace/.m2/repository/org/apache/tomcat/embed/tomcat-embed-websocket/10.1.39/tomcat-embed-websocket-10.1.39.jar:/home/codespace/.m2/repository/org/springframework/spring-web/6.2.5/spring-web-6.2.5.jar:/home/codespace/.m2/repository/io/micrometer/micrometer-observation/1.15.0-M3/micrometer-observation-1.15.0-M3.jar:/home/codespace/.m2/repository/io/micrometer/micrometer-commons/1.15.0-M3/micrometer-commons-1.15.0-M3.jar:/home/codespace/.m2/repository/org/springframework/spring-webmvc/6.2.5/spring-webmvc-6.2.5.jar:/home/codespace/.m2/repository/org/springframework/spring-expression/6.2.5/spring-expression-6.2.5.jar:/home/codespace/.m2/repository/org/springframework/boot/spring-boot-devtools/3.5.0-M3/spring-boot-devtools-3.5.0-M3.jar:/home/codespace/.m2/repository/org/springframework/boot/spring-boot/3.5.0-M3/spring-boot-3.5.0-M3.jar:/home/codespace/.m2/repository/org/springframework/boot/spring-boot-autoconfigure/3.5.0-M3/spring-boot-autoconfigure-3.5.0-M3.jar:/home/codespace/.m2/repository/org/postgresql/postgresql/42.7.5/postgresql-42.7.5.jar:/home/codespace/.m2/repository/org/checkerframework/checker-qual/3.48.3/checker-qual-3.48.3.jar:/home/codespace/.m2/repository/org/springframework/boot/spring-boot-starter-test/3.5.0-M3/spring-boot-starter-test-3.5.0-M3.jar:/home/codespace/.m2/repository/org/springframework/boot/spring-boot-test/3.5.0-M3/spring-boot-test-3.5.0-M3.jar:/home/codespace/.m2/repository/org/springframework/boot/spring-boot-test-autoconfigure/3.5.0-M3/spring-boot-test-autoconfigure-3.5.0-M3.jar:/home/codespace/.m2/repository/com/jayway/jsonpath/json-path/2.9.0/json-path-2.9.0.jar:/home/codespace/.m2/repository/jakarta/xml/bind/jakarta.xml.bind-api/4.0.2/jakarta.xml.bind-api-4.0.2.jar:/home/codespace/.m2/repository/jakarta/activation/jakarta.activation-api/2.1.3/jakarta.activation-api-2.1.3.jar:/home/codespace/.m2/repository/net/minidev/json-smart/2.5.2/json-smart-2.5.2.jar:/home/codespace/.m2/repository/net/minidev/accessors-smart/2.5.2/accessors-smart-2.5.2.jar:/home/codespace/.m2/repository/org/ow2/asm/asm/9.7.1/asm-9.7.1.jar:/home/codespace/.m2/repository/org/assertj/assertj-core/3.27.3/assertj-core-3.27.3.jar:/home/codespace/.m2/repository/org/awaitility/awaitility/4.3.0/awaitility-4.3.0.jar:/home/codespace/.m2/repository/org/hamcrest/hamcrest/3.0/hamcrest-3.0.jar:/home/codespace/.m2/repository/org/junit/jupiter/junit-jupiter/5.12.1/junit-jupiter-5.12.1.jar:/home/codespace/.m2/repository/org/junit/jupiter/junit-jupiter-api/5.12.1/junit-jupiter-api-5.12.1.jar:/home/codespace/.m2/repository/org/opentest4j/opentest4j/1.3.0/opentest4j-1.3.0.jar:/home/codespace/.m2/repository/org/junit/platform/junit-platform-commons/1.12.1/junit-platform-commons-1.12.1.jar:/home/codespace/.m2/repository/org/apiguardian/apiguardian-api/1.1.2/apiguardian-api-1.1.2.jar:/home/codespace/.m2/repository/org/junit/jupiter/junit-jupiter-params/5.12.1/junit-jupiter-params-5.12.1.jar:/home/codespace/.m2/repository/org/junit/jupiter/junit-jupiter-engine/5.12.1/junit-jupiter-engine-5.12.1.jar:/home/codespace/.m2/repository/org/junit/platform/junit-platform-engine/1.12.1/junit-platform-engine-1.12.1.jar:/home/codespace/.m2/repository/org/mockito/mockito-core/5.16.1/mockito-core-5.16.1.jar:/home/codespace/.m2/repository/net/bytebuddy/byte-buddy-agent/1.17.2/byte-buddy-agent-1.17.2.jar:/home/codespace/.m2/repository/org/objenesis/objenesis/3.3/objenesis-3.3.jar:/home/codespace/.m2/repository/org/mockito/mockito-junit-jupiter/5.16.1/mockito-junit-jupiter-5.16.1.jar:/home/codespace/.m2/repository/org/skyscreamer/jsonassert/1.5.3/jsonassert-1.5.3.jar:/home/codespace/.m2/repository/com/vaadin/external/google/android-json/0.0.20131108.vaadin1/android-json-0.0.20131108.vaadin1.jar:/home/codespace/.m2/repository/org/springframework/spring-core/6.2.5/spring-core-6.2.5.jar:/home/codespace/.m2/repository/org/springframework/spring-jcl/6.2.5/spring-jcl-6.2.5.jar:/home/codespace/.m2/repository/org/springframework/spring-test/6.2.5/spring-test-6.2.5.jar:/home/codespace/.m2/repository/org/xmlunit/xmlunit-core/2.10.0/xmlunit-core-2.10.0.jar:/home/codespace/.m2/repository/org/projectlombok/lombok/1.18.24/lombok-1.18.24.jar:/home/codespace/.m2/repository/org/springdoc/springdoc-openapi-starter-webmvc-ui/2.1.0/springdoc-openapi-starter-webmvc-ui-2.1.0.jar:/home/codespace/.m2/repository/org/springdoc/springdoc-openapi-starter-webmvc-api/2.1.0/springdoc-openapi-starter-webmvc-api-2.1.0.jar:/home/codespace/.m2/repository/org/springdoc/springdoc-openapi-starter-common/2.1.0/springdoc-openapi-starter-common-2.1.0.jar:/home/codespace/.m2/repository/io/swagger/core/v3/swagger-core-jakarta/2.2.9/swagger-core-jakarta-2.2.9.jar:/home/codespace/.m2/repository/org/apache/commons/commons-lang3/3.17.0/commons-lang3-3.17.0.jar:/home/codespace/.m2/repository/io/swagger/core/v3/swagger-annotations-jakarta/2.2.9/swagger-annotations-jakarta-2.2.9.jar:/home/codespace/.m2/repository/io/swagger/core/v3/swagger-models-jakarta/2.2.9/swagger-models-jakarta-2.2.9.jar:/home/codespace/.m2/repository/jakarta/validation/jakarta.validation-api/3.0.2/jakarta.validation-api-3.0.2.jar:/home/codespace/.m2/repository/com/fasterxml/jackson/dataformat/jackson-dataformat-yaml/2.18.3/jackson-dataformat-yaml-2.18.3.jar:/home/codespace/.m2/repository/org/webjars/swagger-ui/4.18.2/swagger-ui-4.18.2.jar:"/>
    <property name="java.vm.vendor" value="Ubuntu"/>
    <property name="sun.arch.data.model" value="64"/>
    <property name="java.vendor.url" value="https://ubuntu.com/"/>
    <property name="user.timezone" value="Etc/UTC"/>
    <property name="org.jboss.logging.provider" value="slf4j"/>
    <property name="os.name" value="Linux"/>
    <property name="java.vm.specification.version" value="17"/>
    <property name="APPLICATION_NAME" value="manutencaopc"/>
    <property name="sun.java.launcher" value="SUN_STANDARD"/>
    <property name="sun.boot.library.path" value="/usr/lib/jvm/java-17-openjdk-amd64/lib"/>
    <property name="sun.java.command" value="/workspaces/manutencaopc/manutencaopc/target/surefire/surefirebooter-20250505111954983_3.jar /workspaces/manutencaopc/manutencaopc/target/surefire 2025-05-05T11-19-54_882-jvmRun1 surefire-20250505111954983_1tmp surefire_0-20250505111954983_2tmp"/>
    <property name="jdk.debug" value="release"/>
    <property name="surefire.test.class.path" value="/workspaces/manutencaopc/manutencaopc/target/test-classes:/workspaces/manutencaopc/manutencaopc/target/classes:/home/codespace/.m2/repository/org/springframework/boot/spring-boot-starter-data-jpa/3.5.0-M3/spring-boot-starter-data-jpa-3.5.0-M3.jar:/home/codespace/.m2/repository/org/springframework/boot/spring-boot-starter/3.5.0-M3/spring-boot-starter-3.5.0-M3.jar:/home/codespace/.m2/repository/org/springframework/boot/spring-boot-starter-logging/3.5.0-M3/spring-boot-starter-logging-3.5.0-M3.jar:/home/codespace/.m2/repository/ch/qos/logback/logback-classic/1.5.18/logback-classic-1.5.18.jar:/home/codespace/.m2/repository/ch/qos/logback/logback-core/1.5.18/logback-core-1.5.18.jar:/home/codespace/.m2/repository/org/apache/logging/log4j/log4j-to-slf4j/2.24.3/log4j-to-slf4j-2.24.3.jar:/home/codespace/.m2/repository/org/apache/logging/log4j/log4j-api/2.24.3/log4j-api-2.24.3.jar:/home/codespace/.m2/repository/org/slf4j/jul-to-slf4j/2.0.17/jul-to-slf4j-2.0.17.jar:/home/codespace/.m2/repository/jakarta/annotation/jakarta.annotation-api/2.1.1/jakarta.annotation-api-2.1.1.jar:/home/codespace/.m2/repository/org/yaml/snakeyaml/2.4/snakeyaml-2.4.jar:/home/codespace/.m2/repository/org/springframework/boot/spring-boot-starter-jdbc/3.5.0-M3/spring-boot-starter-jdbc-3.5.0-M3.jar:/home/codespace/.m2/repository/com/zaxxer/HikariCP/6.2.1/HikariCP-6.2.1.jar:/home/codespace/.m2/repository/org/springframework/spring-jdbc/6.2.5/spring-jdbc-6.2.5.jar:/home/codespace/.m2/repository/org/hibernate/orm/hibernate-core/6.6.11.Final/hibernate-core-6.6.11.Final.jar:/home/codespace/.m2/repository/jakarta/transaction/jakarta.transaction-api/2.0.1/jakarta.transaction-api-2.0.1.jar:/home/codespace/.m2/repository/org/jboss/logging/jboss-logging/3.6.1.Final/jboss-logging-3.6.1.Final.jar:/home/codespace/.m2/repository/org/hibernate/common/hibernate-commons-annotations/7.0.3.Final/hibernate-commons-annotations-7.0.3.Final.jar:/home/codespace/.m2/repository/io/smallrye/jandex/3.2.0/jandex-3.2.0.jar:/home/codespace/.m2/repository/com/fasterxml/classmate/1.7.0/classmate-1.7.0.jar:/home/codespace/.m2/repository/net/bytebuddy/byte-buddy/1.17.2/byte-buddy-1.17.2.jar:/home/codespace/.m2/repository/org/glassfish/jaxb/jaxb-runtime/4.0.5/jaxb-runtime-4.0.5.jar:/home/codespace/.m2/repository/org/glassfish/jaxb/jaxb-core/4.0.5/jaxb-core-4.0.5.jar:/home/codespace/.m2/repository/org/eclipse/angus/angus-activation/2.0.2/angus-activation-2.0.2.jar:/home/codespace/.m2/repository/org/glassfish/jaxb/txw2/4.0.5/txw2-4.0.5.jar:/home/codespace/.m2/repository/com/sun/istack/istack-commons-runtime/4.1.2/istack-commons-runtime-4.1.2.jar:/home/codespace/.m2/repository/jakarta/inject/jakarta.inject-api/2.0.1/jakarta.inject-api-2.0.1.jar:/home/codespace/.m2/repository/org/antlr/antlr4-runtime/4.13.0/antlr4-runtime-4.13.0.jar:/home/codespace/.m2/repository/org/springframework/data/spring-data-jpa/3.5.0-M2/spring-data-jpa-3.5.0-M2.jar:/home/codespace/.m2/repository/org/springframework/data/spring-data-commons/3.5.0-M2/spring-data-commons-3.5.0-M2.jar:/home/codespace/.m2/repository/org/springframework/spring-orm/6.2.5/spring-orm-6.2.5.jar:/home/codespace/.m2/repository/org/springframework/spring-context/6.2.5/spring-context-6.2.5.jar:/home/codespace/.m2/repository/org/springframework/spring-aop/6.2.5/spring-aop-6.2.5.jar:/home/codespace/.m2/repository/org/springframework/spring-tx/6.2.5/spring-tx-6.2.5.jar:/home/codespace/.m2/repository/org/springframework/spring-beans/6.2.5/spring-beans-6.2.5.jar:/home/codespace/.m2/repository/org/slf4j/slf4j-api/2.0.17/slf4j-api-2.0.17.jar:/home/codespace/.m2/repository/org/springframework/spring-aspects/6.2.5/spring-aspects-6.2.5.jar:/home/codespace/.m2/repository/org/aspectj/aspectjweaver/1.9.23/aspectjweaver-1.9.23.jar:/home/codespace/.m2/repository/jakarta/persistence/jakarta.persistence-api/3.1.0/jakarta.persistence-api-3.1.0.jar:/home/codespace/.m2/repository/org/springframework/boot/spring-boot-starter-web/3.5.0-M3/spring-boot-starter-web-3.5.0-M3.jar:/home/codespace/.m2/repository/org/springframework/boot/spring-boot-starter-json/3.5.0-M3/spring-boot-starter-json-3.5.0-M3.jar:/home/codespace/.m2/repository/com/fasterxml/jackson/core/jackson-databind/2.18.3/jackson-databind-2.18.3.jar:/home/codespace/.m2/repository/com/fasterxml/jackson/core/jackson-annotations/2.18.3/jackson-annotations-2.18.3.jar:/home/codespace/.m2/repository/com/fasterxml/jackson/core/jackson-core/2.18.3/jackson-core-2.18.3.jar:/home/codespace/.m2/repository/com/fasterxml/jackson/datatype/jackson-datatype-jdk8/2.18.3/jackson-datatype-jdk8-2.18.3.jar:/home/codespace/.m2/repository/com/fasterxml/jackson/datatype/jackson-datatype-jsr310/2.18.3/jackson-datatype-jsr310-2.18.3.jar:/home/codespace/.m2/repository/com/fasterxml/jackson/module/jackson-module-parameter-names/2.18.3/jackson-module-parameter-names-2.18.3.jar:/home/codespace/.m2/repository/org/springframework/boot/spring-boot-starter-tomcat/3.5.0-M3/spring-boot-starter-tomcat-3.5.0-M3.jar:/home/codespace/.m2/repository/org/apache/tomcat/embed/tomcat-embed-core/10.1.39/tomcat-embed-core-10.1.39.jar:/home/codespace/.m2/repository/org/apache/tomcat/embed/tomcat-embed-el/10.1.39/tomcat-embed-el-10.1.39.jar:/home/codespace/.m2/repository/org/apache/tomcat/embed/tomcat-embed-websocket/10.1.39/tomcat-embed-websocket-10.1.39.jar:/home/codespace/.m2/repository/org/springframework/spring-web/6.2.5/spring-web-6.2.5.jar:/home/codespace/.m2/repository/io/micrometer/micrometer-observation/1.15.0-M3/micrometer-observation-1.15.0-M3.jar:/home/codespace/.m2/repository/io/micrometer/micrometer-commons/1.15.0-M3/micrometer-commons-1.15.0-M3.jar:/home/codespace/.m2/repository/org/springframework/spring-webmvc/6.2.5/spring-webmvc-6.2.5.jar:/home/codespace/.m2/repository/org/springframework/spring-expression/6.2.5/spring-expression-6.2.5.jar:/home/codespace/.m2/repository/org/springframework/boot/spring-boot-devtools/3.5.0-M3/spring-boot-devtools-3.5.0-M3.jar:/home/codespace/.m2/repository/org/springframework/boot/spring-boot/3.5.0-M3/spring-boot-3.5.0-M3.jar:/home/codespace/.m2/repository/org/springframework/boot/spring-boot-autoconfigure/3.5.0-M3/spring-boot-autoconfigure-3.5.0-M3.jar:/home/codespace/.m2/repository/org/postgresql/postgresql/42.7.5/postgresql-42.7.5.jar:/home/codespace/.m2/repository/org/checkerframework/checker-qual/3.48.3/checker-qual-3.48.3.jar:/home/codespace/.m2/repository/org/springframework/boot/spring-boot-starter-test/3.5.0-M3/spring-boot-starter-test-3.5.0-M3.jar:/home/codespace/.m2/repository/org/springframework/boot/spring-boot-test/3.5.0-M3/spring-boot-test-3.5.0-M3.jar:/home/codespace/.m2/repository/org/springframework/boot/spring-boot-test-autoconfigure/3.5.0-M3/spring-boot-test-autoconfigure-3.5.0-M3.jar:/home/codespace/.m2/repository/com/jayway/jsonpath/json-path/2.9.0/json-path-2.9.0.jar:/home/codespace/.m2/repository/jakarta/xml/bind/jakarta.xml.bind-api/4.0.2/jakarta.xml.bind-api-4.0.2.jar:/home/codespace/.m2/repository/jakarta/activation/jakarta.activation-api/2.1.3/jakarta.activation-api-2.1.3.jar:/home/codespace/.m2/repository/net/minidev/json-smart/2.5.2/json-smart-2.5.2.jar:/home/codespace/.m2/repository/net/minidev/accessors-smart/2.5.2/accessors-smart-2.5.2.jar:/home/codespace/.m2/repository/org/ow2/asm/asm/9.7.1/asm-9.7.1.jar:/home/codespace/.m2/repository/org/assertj/assertj-core/3.27.3/assertj-core-3.27.3.jar:/home/codespace/.m2/repository/org/awaitility/awaitility/4.3.0/awaitility-4.3.0.jar:/home/codespace/.m2/repository/org/hamcrest/hamcrest/3.0/hamcrest-3.0.jar:/home/codespace/.m2/repository/org/junit/jupiter/junit-jupiter/5.12.1/junit-jupiter-5.12.1.jar:/home/codespace/.m2/repository/org/junit/jupiter/junit-jupiter-api/5.12.1/junit-jupiter-api-5.12.1.jar:/home/codespace/.m2/repository/org/opentest4j/opentest4j/1.3.0/opentest4j-1.3.0.jar:/home/codespace/.m2/repository/org/junit/platform/junit-platform-commons/1.12.1/junit-platform-commons-1.12.1.jar:/home/codespace/.m2/repository/org/apiguardian/apiguardian-api/1.1.2/apiguardian-api-1.1.2.jar:/home/codespace/.m2/repository/org/junit/jupiter/junit-jupiter-params/5.12.1/junit-jupiter-params-5.12.1.jar:/home/codespace/.m2/repository/org/junit/jupiter/junit-jupiter-engine/5.12.1/junit-jupiter-engine-5.12.1.jar:/home/codespace/.m2/repository/org/junit/platform/junit-platform-engine/1.12.1/junit-platform-engine-1.12.1.jar:/home/codespace/.m2/repository/org/mockito/mockito-core/5.16.1/mockito-core-5.16.1.jar:/home/codespace/.m2/repository/net/bytebuddy/byte-buddy-agent/1.17.2/byte-buddy-agent-1.17.2.jar:/home/codespace/.m2/repository/org/objenesis/objenesis/3.3/objenesis-3.3.jar:/home/codespace/.m2/repository/org/mockito/mockito-junit-jupiter/5.16.1/mockito-junit-jupiter-5.16.1.jar:/home/codespace/.m2/repository/org/skyscreamer/jsonassert/1.5.3/jsonassert-1.5.3.jar:/home/codespace/.m2/repository/com/vaadin/external/google/android-json/0.0.20131108.vaadin1/android-json-0.0.20131108.vaadin1.jar:/home/codespace/.m2/repository/org/springframework/spring-core/6.2.5/spring-core-6.2.5.jar:/home/codespace/.m2/repository/org/springframework/spring-jcl/6.2.5/spring-jcl-6.2.5.jar:/home/codespace/.m2/repository/org/springframework/spring-test/6.2.5/spring-test-6.2.5.jar:/home/codespace/.m2/repository/org/xmlunit/xmlunit-core/2.10.0/xmlunit-core-2.10.0.jar:/home/codespace/.m2/repository/org/projectlombok/lombok/1.18.24/lombok-1.18.24.jar:/home/codespace/.m2/repository/org/springdoc/springdoc-openapi-starter-webmvc-ui/2.1.0/springdoc-openapi-starter-webmvc-ui-2.1.0.jar:/home/codespace/.m2/repository/org/springdoc/springdoc-openapi-starter-webmvc-api/2.1.0/springdoc-openapi-starter-webmvc-api-2.1.0.jar:/home/codespace/.m2/repository/org/springdoc/springdoc-openapi-starter-common/2.1.0/springdoc-openapi-starter-common-2.1.0.jar:/home/codespace/.m2/repository/io/swagger/core/v3/swagger-core-jakarta/2.2.9/swagger-core-jakarta-2.2.9.jar:/home/codespace/.m2/repository/org/apache/commons/commons-lang3/3.17.0/commons-lang3-3.17.0.jar:/home/codespace/.m2/repository/io/swagger/core/v3/swagger-annotations-jakarta/2.2.9/swagger-annotations-jakarta-2.2.9.jar:/home/codespace/.m2/repository/io/swagger/core/v3/swagger-models-jakarta/2.2.9/swagger-models-jakarta-2.2.9.jar:/home/codespace/.m2/repository/jakarta/validation/jakarta.validation-api/3.0.2/jakarta.validation-api-3.0.2.jar:/home/codespace/.m2/repository/com/fasterxml/jackson/dataformat/jackson-dataformat-yaml/2.18.3/jackson-dataformat-yaml-2.18.3.jar:/home/codespace/.m2/repository/org/webjars/swagger-ui/4.18.2/swagger-ui-4.18.2.jar:"/>
    <property name="sun.cpu.endian" value="little"/>
    <property name="user.home" value="/home/codespace"/>
    <property name="user.language" value="en"/>
    <property name="java.specification.vendor" value="Oracle Corporation"/>
    <property name="java.version.date" value="2025-01-21"/>
    <property name="java.home" value="/usr/lib/jvm/java-17-openjdk-amd64"/>
    <property name="file.separator" value="/"/>
    <property name="basedir" value="/workspaces/manutencaopc/manutencaopc"/>
    <property name="java.vm.compressedOopsMode" value="32-bit"/>
    <property name="line.separator" value="&#10;"/>
    <property name="java.specification.name" value="Java Platform API Specification"/>
    <property name="java.vm.specification.vendor" value="Oracle Corporation"/>
    <property name="FILE_LOG_CHARSET" value="UTF-8"/>
    <property name="java.awt.headless" value="true"/>
    <property name="surefire.real.class.path" value="/workspaces/manutencaopc/manutencaopc/target/surefire/surefirebooter-20250505111954983_3.jar"/>
    <property name="sun.management.compiler" value="HotSpot 64-Bit Tiered Compilers"/>
    <property name="java.runtime.version" value="17.0.14+7-Ubuntu-120.04"/>
    <property name="user.name" value="codespace"/>
    <property name="path.separator" value=":"/>
    <property name="os.version" value="6.8.0-1026-azure"/>
    <property name="java.runtime.name" value="OpenJDK Runtime Environment"/>
    <property name="file.encoding" value="UTF-8"/>
    <property name="java.vm.name" value="OpenJDK 64-Bit Server VM"/>
    <property name="localRepository" value="/home/codespace/.m2/repository"/>
    <property name="java.vendor.url.bug" value="https://bugs.launchpad.net/ubuntu/+source/openjdk-17"/>
    <property name="java.io.tmpdir" value="/tmp"/>
    <property name="java.version" value="17.0.14"/>
    <property name="user.dir" value="/workspaces/manutencaopc/manutencaopc"/>
    <property name="os.arch" value="amd64"/>
    <property name="java.vm.specification.name" value="Java Virtual Machine Specification"/>
    <property name="PID" value="57649"/>
    <property name="CONSOLE_LOG_CHARSET" value="UTF-8"/>
    <property name="native.encoding" value="UTF-8"/>
    <property name="java.library.path" value="/usr/java/packages/lib:/usr/lib/x86_64-linux-gnu/jni:/lib/x86_64-linux-gnu:/usr/lib/x86_64-linux-gnu:/usr/lib/jni:/lib:/usr/lib"/>
    <property name="java.vm.info" value="mixed mode, sharing"/>
    <property name="java.vendor" value="Ubuntu"/>
    <property name="java.vm.version" value="17.0.14+7-Ubuntu-120.04"/>
    <property name="java.specification.maintenance.version" value="1"/>
    <property name="sun.io.unicode.encoding" value="UnicodeLittle"/>
    <property name="java.class.version" value="61.0"/>
    <property name="LOGGED_APPLICATION_NAME" value="[manutencaopc] "/>
  </properties>
  <testcase name="contextLoads" classname="manutencaopc.ManutencaopcApplicationTests" time="0.546">
    <system-out><![CDATA[11:19:56.115 [main] INFO org.springframework.test.context.support.AnnotationConfigContextLoaderUtils -- Could not detect default configuration classes for test class [manutencaopc.ManutencaopcApplicationTests]: ManutencaopcApplicationTests does not declare any static, non-private, non-final, nested classes annotated with @Configuration.
11:19:56.260 [main] INFO org.springframework.boot.test.context.SpringBootTestContextBootstrapper -- Found @SpringBootConfiguration manutencaopc.ManutencaopcApplication for test class manutencaopc.ManutencaopcApplicationTests
11:19:56.464 [main] INFO org.springframework.boot.devtools.restart.RestartApplicationListener -- Restart disabled due to context in which it is running

  .   ____          _            __ _ _
 /\\ / ___'_ __ _ _(_)_ __  __ _ \ \ \ \
( ( )\___ | '_ | '_| | '_ \/ _` | \ \ \ \
 \\/  ___)| |_)| | | | | || (_| |  ) ) ) )
  '  |____| .__|_| |_|_| |_\__, | / / / /
 =========|_|==============|___/=/_/_/_/

 :: Spring Boot ::             (v3.5.0-M3)

2025-05-05T11:19:56.930Z  INFO 57649 --- [manutencaopc] [           main] m.ManutencaopcApplicationTests           : Starting ManutencaopcApplicationTests using Java 17.0.14 with PID 57649 (started by codespace in /workspaces/manutencaopc/manutencaopc)
2025-05-05T11:19:56.934Z  INFO 57649 --- [manutencaopc] [           main] m.ManutencaopcApplicationTests           : No active profile set, falling back to 1 default profile: "default"
2025-05-05T11:19:58.259Z  INFO 57649 --- [manutencaopc] [           main] .s.d.r.c.RepositoryConfigurationDelegate : Bootstrapping Spring Data JPA repositories in DEFAULT mode.
2025-05-05T11:19:58.373Z  INFO 57649 --- [manutencaopc] [           main] .s.d.r.c.RepositoryConfigurationDelegate : Finished Spring Data repository scanning in 94 ms. Found 6 JPA repository interfaces.
2025-05-05T11:19:59.510Z  INFO 57649 --- [manutencaopc] [           main] o.hibernate.jpa.internal.util.LogHelper  : HHH000204: Processing PersistenceUnitInfo [name: default]
2025-05-05T11:19:59.585Z  INFO 57649 --- [manutencaopc] [           main] org.hibernate.Version                    : HHH000412: Hibernate ORM core version 6.6.11.Final
2025-05-05T11:19:59.623Z  INFO 57649 --- [manutencaopc] [           main] o.h.c.internal.RegionFactoryInitiator    : HHH000026: Second-level cache disabled
2025-05-05T11:19:59.964Z  INFO 57649 --- [manutencaopc] [           main] o.s.o.j.p.SpringPersistenceUnitInfo      : No LoadTimeWeaver setup: ignoring JPA class transformer
2025-05-05T11:19:59.991Z  INFO 57649 --- [manutencaopc] [           main] com.zaxxer.hikari.HikariDataSource       : HikariCP - Starting...
2025-05-05T11:20:00.607Z  INFO 57649 --- [manutencaopc] [           main] com.zaxxer.hikari.pool.HikariPool        : HikariCP - Added connection org.postgresql.jdbc.PgConnection@1aeff8ca
2025-05-05T11:20:00.609Z  INFO 57649 --- [manutencaopc] [           main] com.zaxxer.hikari.HikariDataSource       : HikariCP - Start completed.
2025-05-05T11:20:00.661Z  WARN 57649 --- [manutencaopc] [           main] org.hibernate.orm.deprecation            : HHH90000025: PostgreSQLDialect does not need to be specified explicitly using 'hibernate.dialect' (remove the property setting and it will be selected by default)
2025-05-05T11:20:00.748Z  INFO 57649 --- [manutencaopc] [           main] org.hibernate.orm.connections.pooling    : HHH10001005: Database info:
	Database JDBC URL [Connecting through datasource 'HikariDataSource (HikariCP)']
	Database driver: undefined/unknown
	Database version: 16.8
	Autocommit mode: undefined/unknown
	Isolation level: undefined/unknown
	Minimum pool size: undefined/unknown
	Maximum pool size: undefined/unknown
2025-05-05T11:20:02.193Z  INFO 57649 --- [manutencaopc] [           main] o.h.e.t.j.p.i.JtaPlatformInitiator       : HHH000489: No JTA platform available (set 'hibernate.transaction.jta.platform' to enable JTA platform integration)
Hibernate: create table cliente (id bigint generated by default as identity, email varchar(255), nome varchar(255), telefone varchar(255), primary key (id))
Hibernate: create table manutencao (id bigint generated by default as identity, data_manutencao timestamp(6), descricao varchar(255), tipo_servico varchar(255), valor float(53), computador_id bigint, tecnico_id bigint, primary key (id))
Hibernate: create table ordem_de_servico (id bigint generated by default as identity, data_abertura timestamp(6), descricao varchar(255), status varchar(255), cliente_id bigint, computador_id bigint, tecnico_id bigint, primary key (id))
Hibernate: create table peca (id bigint not null, fabricante varchar(255), nome varchar(255), preco float(53), primary key (id))
Hibernate: create table tecnico (id bigint generated by default as identity, especialidade varchar(255), nome varchar(255), telefone varchar(255), primary key (id))
Hibernate: alter table if exists manutencao add constraint FKbaxr33h5n0mta6y4y4iij7lqb foreign key (computador_id) references computadores
Hibernate: alter table if exists manutencao add constraint FKitqjay532cwolqsqtkayg2n8p foreign key (tecnico_id) references tecnico
Hibernate: alter table if exists ordem_de_servico add constraint FKofaemrifs5m3mv8dsxdr55cde foreign key (cliente_id) references cliente
Hibernate: alter table if exists ordem_de_servico add constraint FKq7f02il002u8y0oci2mrnlwa9 foreign key (computador_id) references computadores
Hibernate: alter table if exists ordem_de_servico add constraint FKtpm6aspie95r37n22tbayjkkm foreign key (tecnico_id) references tecnico
2025-05-05T11:20:02.556Z  INFO 57649 --- [manutencaopc] [           main] j.LocalContainerEntityManagerFactoryBean : Initialized JPA EntityManagerFactory for persistence unit 'default'
2025-05-05T11:20:03.425Z  WARN 57649 --- [manutencaopc] [           main] JpaBaseConfiguration$JpaWebConfiguration : spring.jpa.open-in-view is enabled by default. Therefore, database queries may be performed during view rendering. Explicitly configure spring.jpa.open-in-view to disable this warning
2025-05-05T11:20:03.485Z  INFO 57649 --- [manutencaopc] [           main] o.s.v.b.OptionalValidatorFactoryBean     : Failed to set up a Bean Validation provider: jakarta.validation.NoProviderFoundException: Unable to create a Configuration, because no Jakarta Bean Validation provider could be found. Add a provider like Hibernate Validator (RI) to your classpath.
2025-05-05T11:20:04.074Z  INFO 57649 --- [manutencaopc] [           main] m.ManutencaopcApplicationTests           : Started ManutencaopcApplicationTests in 7.623 seconds (process running for 8.994)
]]></system-out>
  </testcase>
</testsuite>